<?xml version="1.0" encoding="UTF-8"?>
<testng-results skipped="0" failed="0" ignored="0" total="1" passed="1">
  <reporter-output>
  </reporter-output>
  <suite name="Default suite" duration-ms="16334" started-at="2017-11-15T22:41:13Z" finished-at="2017-11-15T22:41:29Z">
    <groups>
    </groups>
    <test name="Default test" duration-ms="16334" started-at="2017-11-15T22:41:13Z" finished-at="2017-11-15T22:41:29Z">
      <class name="testcases.T001">
        <test-method status="PASS" signature="test()[pri:0, instance:testcases.T001@4501b7af]" name="test" duration-ms="16293" started-at="2017-11-15T16:41:13Z" finished-at="2017-11-15T16:41:29Z">
          <reporter-output>
          </reporter-output>
        </test-method> <!-- test -->
      </class> <!-- testcases.T001 -->
    </test> <!-- Default test -->
  </suite> <!-- Default suite -->
</testng-results>
